SF:lib/features/auth/cubit/repositories/auth_repo.dart
DA:9,0
DA:10,0
DA:12,0
DA:15,1
DA:16,1
DA:18,1
DA:19,1
DA:21,2
DA:27,0
DA:28,0
LF:10
LH:5
end_of_record
SF:lib/features/login/cubit/login_state.dart
DA:5,11
DA:12,1
DA:13,3
DA:15,1
DA:19,1
DA:20,0
DA:21,1
LF:7
LH:6
end_of_record
SF:lib/features/login/cubit/login_cubit.dart
DA:8,2
DA:10,2
DA:13,1
DA:14,3
DA:16,2
DA:17,3
DA:19,3
LF:7
LH:7
end_of_record
SF:lib/features/auth/cubit/auth_state.dart
DA:8,5
DA:9,5
DA:11,0
DA:12,0
DA:14,5
DA:15,0
DA:17,0
DA:18,0
LF:8
LH:3
end_of_record
SF:lib/features/auth/cubit/auth_cubit.dart
DA:13,0
DA:15,0
DA:16,0
DA:17,0
DA:21,0
DA:23,0
DA:24,0
DA:25,0
DA:26,0
DA:27,0
DA:28,0
DA:29,0
DA:33,0
DA:35,0
DA:36,0
LF:15
LH:0
end_of_record
SF:lib/features/models/user.dart
DA:4,10
DA:8,0
DA:9,0
LF:3
LH:1
end_of_record
SF:lib/features/login/presentation/views/login_page.dart
DA:9,1
DA:11,1
DA:13,1
DA:14,1
DA:15,2
DA:16,1
DA:17,1
LF:7
LH:7
end_of_record
SF:lib/features/login/presentation/widgets/login_form.dart
DA:6,3
DA:8,2
DA:9,2
DA:17,2
DA:19,2
DA:20,4
DA:21,1
DA:22,2
DA:23,1
DA:24,1
DA:25,1
DA:30,2
DA:32,2
DA:33,2
DA:34,2
DA:35,2
DA:36,2
DA:38,2
DA:39,1
DA:40,1
DA:47,2
DA:49,2
DA:50,1
DA:51,1
DA:58,2
DA:60,1
DA:61,3
DA:62,1
DA:63,5
LF:29
LH:29
end_of_record
